  main.c
D:\Desktop\Project1\Project1\main.c(102,19): warning C4477: 'scanf' : format string '%s' requires an argument of type 'char *', but variadic argument 1 has type 'const char **'
D:\Desktop\Project1\Project1\main.c(103,54): warning C4047: 'function': 'const char *' differs in levels of indirection from 'const char *[10]'
D:\Desktop\Project1\Project1\main.c(103,54): warning C4024: 'find_by_uid': different types for formal and actual parameter 2
D:\Desktop\Project1\Project1\main.c(105,24): warning C4477: 'printf' : format string '%s' requires an argument of type 'char *', but variadic argument 1 has type 'const char **'
D:\Desktop\Project1\Project1\main.c(109,24): warning C4477: 'printf' : format string '%s' requires an argument of type 'char *', but variadic argument 1 has type 'const char **'
D:\Desktop\Project1\Project1\main.c(116,19): warning C4477: 'scanf' : format string '%s' requires an argument of type 'char *', but variadic argument 1 has type 'const char **'
D:\Desktop\Project1\Project1\main.c(117,64): warning C4047: 'function': 'const char *' differs in levels of indirection from 'const char *[10]'
D:\Desktop\Project1\Project1\main.c(117,64): warning C4024: 'find_by_license_plate': different types for formal and actual parameter 2
D:\Desktop\Project1\Project1\main.c(119,24): warning C4477: 'printf' : format string '%s' requires an argument of type 'char *', but variadic argument 1 has type 'const char **'
D:\Desktop\Project1\Project1\main.c(124,24): warning C4477: 'printf' : format string '%s' requires an argument of type 'char *', but variadic argument 1 has type 'const char **'
  manager.c
D:\Desktop\Project1\Project1\manager.c(39,12): warning C4047: 'function': 'TreeNode *' differs in levels of indirection from 'TreeNode **'
D:\Desktop\Project1\Project1\manager.c(39,12): warning C4024: 'insert': different types for formal and actual parameter 1
  member.c
D:\Desktop\Project1\Project1\member.c(40,29): warning C4028: formal parameter 1 different from declaration
D:\Desktop\Project1\Project1\member.c(46,9): warning C4013: 'strcmp' undefined; assuming extern returning int
D:\Desktop\Project1\Project1\member.c(69,70): warning C4028: formal parameter 3 different from declaration
D:\Desktop\Project1\Project1\member.c(73,9): warning C4013: 'strcpy' undefined; assuming extern returning int
  Generating Code...
  Project1.vcxproj -> D:\Desktop\Project1\x64\Debug\Project1.exe
